<?xml version="1.0" encoding="UTF-8"?><testsuite errors="0" failures="0" name="com.gorest.testsuite.UserCURDTestWithSteps" skipped="0" tests="4" time="9.92" timestamp="2023-01-02T15:36:26.671Z[Europe/London]"><testcase classname="com.gorest.testsuite.UserCURDTestWithSteps" name="This will create new user"/><testcase classname="com.gorest.testsuite.UserCURDTestWithSteps" name="Verify if the user was added to the application"/><testcase classname="com.gorest.testsuite.UserCURDTestWithSteps" name="Update the user information and verify the updated information"/><testcase classname="com.gorest.testsuite.UserCURDTestWithSteps" name="Delete the product and verify if the product is deleted!"/></testsuite>